2019-07-10 22:23:32,818 - flask.app - ERROR - Exception on / [GET]
Traceback (most recent call last):
  File "c:\users\wuqingcong\.virtualenvs\myweb-te9n_xso\lib\site-packages\sqlalchemy\util\_collections.py", line 1010, in __call__
    return self.registry[key]
KeyError: 11904

During handling of the above exception, another exception occurred:

Traceback (most recent call last):
  File "c:\users\wuqingcong\.virtualenvs\myweb-te9n_xso\lib\site-packages\flask\app.py", line 2292, in wsgi_app
    response = self.full_dispatch_request()
  File "c:\users\wuqingcong\.virtualenvs\myweb-te9n_xso\lib\site-packages\flask\app.py", line 1815, in full_dispatch_request
    rv = self.handle_user_exception(e)
  File "c:\users\wuqingcong\.virtualenvs\myweb-te9n_xso\lib\site-packages\flask\app.py", line 1718, in handle_user_exception
    reraise(exc_type, exc_value, tb)
  File "c:\users\wuqingcong\.virtualenvs\myweb-te9n_xso\lib\site-packages\flask\_compat.py", line 35, in reraise
    raise value
  File "c:\users\wuqingcong\.virtualenvs\myweb-te9n_xso\lib\site-packages\flask\app.py", line 1813, in full_dispatch_request
    rv = self.dispatch_request()
  File "c:\users\wuqingcong\.virtualenvs\myweb-te9n_xso\lib\site-packages\flask\app.py", line 1799, in dispatch_request
    return self.view_functions[rule.endpoint](**req.view_args)
  File "E:\myweb\app\main\views.py", line 53, in index
    pagination = Post.query.filter_by(is_draft=False).order_by(Post.timestamp.desc()).paginate(
  File "c:\users\wuqingcong\.virtualenvs\myweb-te9n_xso\lib\site-packages\flask_sqlalchemy\__init__.py", line 514, in __get__
    return type.query_class(mapper, session=self.sa.session())
  File "c:\users\wuqingcong\.virtualenvs\myweb-te9n_xso\lib\site-packages\sqlalchemy\orm\scoping.py", line 78, in __call__
    return self.registry()
  File "c:\users\wuqingcong\.virtualenvs\myweb-te9n_xso\lib\site-packages\sqlalchemy\util\_collections.py", line 1012, in __call__
    return self.registry.setdefault(key, self.createfunc())
  File "c:\users\wuqingcong\.virtualenvs\myweb-te9n_xso\lib\site-packages\sqlalchemy\orm\session.py", line 3206, in __call__
    return self.class_(**local_kw)
  File "c:\users\wuqingcong\.virtualenvs\myweb-te9n_xso\lib\site-packages\flask_sqlalchemy\__init__.py", line 143, in __init__
    bind = options.pop('bind', None) or db.engine
  File "c:\users\wuqingcong\.virtualenvs\myweb-te9n_xso\lib\site-packages\flask_sqlalchemy\__init__.py", line 877, in engine
    return self.get_engine()
  File "c:\users\wuqingcong\.virtualenvs\myweb-te9n_xso\lib\site-packages\flask_sqlalchemy\__init__.py", line 896, in get_engine
    return connector.get_engine()
  File "c:\users\wuqingcong\.virtualenvs\myweb-te9n_xso\lib\site-packages\flask_sqlalchemy\__init__.py", line 559, in get_engine
    self._engine = rv = sqlalchemy.create_engine(info, **options)
  File "c:\users\wuqingcong\.virtualenvs\myweb-te9n_xso\lib\site-packages\sqlalchemy\engine\__init__.py", line 435, in create_engine
    return strategy.create(*args, **kwargs)
  File "c:\users\wuqingcong\.virtualenvs\myweb-te9n_xso\lib\site-packages\sqlalchemy\engine\strategies.py", line 87, in create
    dbapi = dialect_cls.dbapi(**dbapi_args)
  File "c:\users\wuqingcong\.virtualenvs\myweb-te9n_xso\lib\site-packages\sqlalchemy\dialects\mysql\pymysql.py", line 62, in dbapi
    return __import__("pymysql")
ModuleNotFoundError: No module named 'pymysql'
2019-07-10 22:26:39,174 - flask.app - ERROR - Exception on / [GET]
Traceback (most recent call last):
  File "c:\users\wuqingcong\.virtualenvs\myweb-te9n_xso\lib\site-packages\sqlalchemy\util\_collections.py", line 1010, in __call__
    return self.registry[key]
KeyError: 11720

During handling of the above exception, another exception occurred:

Traceback (most recent call last):
  File "c:\users\wuqingcong\.virtualenvs\myweb-te9n_xso\lib\site-packages\flask\app.py", line 2292, in wsgi_app
    response = self.full_dispatch_request()
  File "c:\users\wuqingcong\.virtualenvs\myweb-te9n_xso\lib\site-packages\flask\app.py", line 1815, in full_dispatch_request
    rv = self.handle_user_exception(e)
  File "c:\users\wuqingcong\.virtualenvs\myweb-te9n_xso\lib\site-packages\flask\app.py", line 1718, in handle_user_exception
    reraise(exc_type, exc_value, tb)
  File "c:\users\wuqingcong\.virtualenvs\myweb-te9n_xso\lib\site-packages\flask\_compat.py", line 35, in reraise
    raise value
  File "c:\users\wuqingcong\.virtualenvs\myweb-te9n_xso\lib\site-packages\flask\app.py", line 1813, in full_dispatch_request
    rv = self.dispatch_request()
  File "c:\users\wuqingcong\.virtualenvs\myweb-te9n_xso\lib\site-packages\flask\app.py", line 1799, in dispatch_request
    return self.view_functions[rule.endpoint](**req.view_args)
  File "E:\myweb\app\main\views.py", line 53, in index
    pagination = Post.query.filter_by(is_draft=False).order_by(Post.timestamp.desc()).paginate(
  File "c:\users\wuqingcong\.virtualenvs\myweb-te9n_xso\lib\site-packages\flask_sqlalchemy\__init__.py", line 514, in __get__
    return type.query_class(mapper, session=self.sa.session())
  File "c:\users\wuqingcong\.virtualenvs\myweb-te9n_xso\lib\site-packages\sqlalchemy\orm\scoping.py", line 78, in __call__
    return self.registry()
  File "c:\users\wuqingcong\.virtualenvs\myweb-te9n_xso\lib\site-packages\sqlalchemy\util\_collections.py", line 1012, in __call__
    return self.registry.setdefault(key, self.createfunc())
  File "c:\users\wuqingcong\.virtualenvs\myweb-te9n_xso\lib\site-packages\sqlalchemy\orm\session.py", line 3206, in __call__
    return self.class_(**local_kw)
  File "c:\users\wuqingcong\.virtualenvs\myweb-te9n_xso\lib\site-packages\flask_sqlalchemy\__init__.py", line 143, in __init__
    bind = options.pop('bind', None) or db.engine
  File "c:\users\wuqingcong\.virtualenvs\myweb-te9n_xso\lib\site-packages\flask_sqlalchemy\__init__.py", line 877, in engine
    return self.get_engine()
  File "c:\users\wuqingcong\.virtualenvs\myweb-te9n_xso\lib\site-packages\flask_sqlalchemy\__init__.py", line 896, in get_engine
    return connector.get_engine()
  File "c:\users\wuqingcong\.virtualenvs\myweb-te9n_xso\lib\site-packages\flask_sqlalchemy\__init__.py", line 559, in get_engine
    self._engine = rv = sqlalchemy.create_engine(info, **options)
  File "c:\users\wuqingcong\.virtualenvs\myweb-te9n_xso\lib\site-packages\sqlalchemy\engine\__init__.py", line 435, in create_engine
    return strategy.create(*args, **kwargs)
  File "c:\users\wuqingcong\.virtualenvs\myweb-te9n_xso\lib\site-packages\sqlalchemy\engine\strategies.py", line 87, in create
    dbapi = dialect_cls.dbapi(**dbapi_args)
  File "c:\users\wuqingcong\.virtualenvs\myweb-te9n_xso\lib\site-packages\sqlalchemy\dialects\mysql\pymysql.py", line 62, in dbapi
    return __import__("pymysql")
ModuleNotFoundError: No module named 'pymysql'
2019-07-10 22:26:41,538 - flask.app - ERROR - Exception on / [GET]
Traceback (most recent call last):
  File "c:\users\wuqingcong\.virtualenvs\myweb-te9n_xso\lib\site-packages\sqlalchemy\util\_collections.py", line 1010, in __call__
    return self.registry[key]
KeyError: 9320

During handling of the above exception, another exception occurred:

Traceback (most recent call last):
  File "c:\users\wuqingcong\.virtualenvs\myweb-te9n_xso\lib\site-packages\flask\app.py", line 2292, in wsgi_app
    response = self.full_dispatch_request()
  File "c:\users\wuqingcong\.virtualenvs\myweb-te9n_xso\lib\site-packages\flask\app.py", line 1815, in full_dispatch_request
    rv = self.handle_user_exception(e)
  File "c:\users\wuqingcong\.virtualenvs\myweb-te9n_xso\lib\site-packages\flask\app.py", line 1718, in handle_user_exception
    reraise(exc_type, exc_value, tb)
  File "c:\users\wuqingcong\.virtualenvs\myweb-te9n_xso\lib\site-packages\flask\_compat.py", line 35, in reraise
    raise value
  File "c:\users\wuqingcong\.virtualenvs\myweb-te9n_xso\lib\site-packages\flask\app.py", line 1813, in full_dispatch_request
    rv = self.dispatch_request()
  File "c:\users\wuqingcong\.virtualenvs\myweb-te9n_xso\lib\site-packages\flask\app.py", line 1799, in dispatch_request
    return self.view_functions[rule.endpoint](**req.view_args)
  File "E:\myweb\app\main\views.py", line 53, in index
    pagination = Post.query.filter_by(is_draft=False).order_by(Post.timestamp.desc()).paginate(
  File "c:\users\wuqingcong\.virtualenvs\myweb-te9n_xso\lib\site-packages\flask_sqlalchemy\__init__.py", line 514, in __get__
    return type.query_class(mapper, session=self.sa.session())
  File "c:\users\wuqingcong\.virtualenvs\myweb-te9n_xso\lib\site-packages\sqlalchemy\orm\scoping.py", line 78, in __call__
    return self.registry()
  File "c:\users\wuqingcong\.virtualenvs\myweb-te9n_xso\lib\site-packages\sqlalchemy\util\_collections.py", line 1012, in __call__
    return self.registry.setdefault(key, self.createfunc())
  File "c:\users\wuqingcong\.virtualenvs\myweb-te9n_xso\lib\site-packages\sqlalchemy\orm\session.py", line 3206, in __call__
    return self.class_(**local_kw)
  File "c:\users\wuqingcong\.virtualenvs\myweb-te9n_xso\lib\site-packages\flask_sqlalchemy\__init__.py", line 143, in __init__
    bind = options.pop('bind', None) or db.engine
  File "c:\users\wuqingcong\.virtualenvs\myweb-te9n_xso\lib\site-packages\flask_sqlalchemy\__init__.py", line 877, in engine
    return self.get_engine()
  File "c:\users\wuqingcong\.virtualenvs\myweb-te9n_xso\lib\site-packages\flask_sqlalchemy\__init__.py", line 896, in get_engine
    return connector.get_engine()
  File "c:\users\wuqingcong\.virtualenvs\myweb-te9n_xso\lib\site-packages\flask_sqlalchemy\__init__.py", line 559, in get_engine
    self._engine = rv = sqlalchemy.create_engine(info, **options)
  File "c:\users\wuqingcong\.virtualenvs\myweb-te9n_xso\lib\site-packages\sqlalchemy\engine\__init__.py", line 435, in create_engine
    return strategy.create(*args, **kwargs)
  File "c:\users\wuqingcong\.virtualenvs\myweb-te9n_xso\lib\site-packages\sqlalchemy\engine\strategies.py", line 87, in create
    dbapi = dialect_cls.dbapi(**dbapi_args)
  File "c:\users\wuqingcong\.virtualenvs\myweb-te9n_xso\lib\site-packages\sqlalchemy\dialects\mysql\pymysql.py", line 62, in dbapi
    return __import__("pymysql")
ModuleNotFoundError: No module named 'pymysql'
2019-07-10 22:27:36,602 - flask.app - ERROR - Exception on / [GET]
Traceback (most recent call last):
  File "c:\users\wuqingcong\.virtualenvs\myweb-te9n_xso\lib\site-packages\sqlalchemy\util\_collections.py", line 1010, in __call__
    return self.registry[key]
KeyError: 6984

During handling of the above exception, another exception occurred:

Traceback (most recent call last):
  File "c:\users\wuqingcong\.virtualenvs\myweb-te9n_xso\lib\site-packages\flask\app.py", line 2292, in wsgi_app
    response = self.full_dispatch_request()
  File "c:\users\wuqingcong\.virtualenvs\myweb-te9n_xso\lib\site-packages\flask\app.py", line 1815, in full_dispatch_request
    rv = self.handle_user_exception(e)
  File "c:\users\wuqingcong\.virtualenvs\myweb-te9n_xso\lib\site-packages\flask\app.py", line 1718, in handle_user_exception
    reraise(exc_type, exc_value, tb)
  File "c:\users\wuqingcong\.virtualenvs\myweb-te9n_xso\lib\site-packages\flask\_compat.py", line 35, in reraise
    raise value
  File "c:\users\wuqingcong\.virtualenvs\myweb-te9n_xso\lib\site-packages\flask\app.py", line 1813, in full_dispatch_request
    rv = self.dispatch_request()
  File "c:\users\wuqingcong\.virtualenvs\myweb-te9n_xso\lib\site-packages\flask\app.py", line 1799, in dispatch_request
    return self.view_functions[rule.endpoint](**req.view_args)
  File "E:\myweb\app\main\views.py", line 53, in index
    pagination = Post.query.filter_by(is_draft=False).order_by(Post.timestamp.desc()).paginate(
  File "c:\users\wuqingcong\.virtualenvs\myweb-te9n_xso\lib\site-packages\flask_sqlalchemy\__init__.py", line 514, in __get__
    return type.query_class(mapper, session=self.sa.session())
  File "c:\users\wuqingcong\.virtualenvs\myweb-te9n_xso\lib\site-packages\sqlalchemy\orm\scoping.py", line 78, in __call__
    return self.registry()
  File "c:\users\wuqingcong\.virtualenvs\myweb-te9n_xso\lib\site-packages\sqlalchemy\util\_collections.py", line 1012, in __call__
    return self.registry.setdefault(key, self.createfunc())
  File "c:\users\wuqingcong\.virtualenvs\myweb-te9n_xso\lib\site-packages\sqlalchemy\orm\session.py", line 3206, in __call__
    return self.class_(**local_kw)
  File "c:\users\wuqingcong\.virtualenvs\myweb-te9n_xso\lib\site-packages\flask_sqlalchemy\__init__.py", line 143, in __init__
    bind = options.pop('bind', None) or db.engine
  File "c:\users\wuqingcong\.virtualenvs\myweb-te9n_xso\lib\site-packages\flask_sqlalchemy\__init__.py", line 877, in engine
    return self.get_engine()
  File "c:\users\wuqingcong\.virtualenvs\myweb-te9n_xso\lib\site-packages\flask_sqlalchemy\__init__.py", line 896, in get_engine
    return connector.get_engine()
  File "c:\users\wuqingcong\.virtualenvs\myweb-te9n_xso\lib\site-packages\flask_sqlalchemy\__init__.py", line 559, in get_engine
    self._engine = rv = sqlalchemy.create_engine(info, **options)
  File "c:\users\wuqingcong\.virtualenvs\myweb-te9n_xso\lib\site-packages\sqlalchemy\engine\__init__.py", line 435, in create_engine
    return strategy.create(*args, **kwargs)
  File "c:\users\wuqingcong\.virtualenvs\myweb-te9n_xso\lib\site-packages\sqlalchemy\engine\strategies.py", line 87, in create
    dbapi = dialect_cls.dbapi(**dbapi_args)
  File "c:\users\wuqingcong\.virtualenvs\myweb-te9n_xso\lib\site-packages\sqlalchemy\dialects\mysql\pymysql.py", line 62, in dbapi
    return __import__("pymysql")
ModuleNotFoundError: No module named 'pymysql'
2019-07-10 22:27:44,295 - flask.app - ERROR - Exception on / [GET]
Traceback (most recent call last):
  File "c:\users\wuqingcong\.virtualenvs\myweb-te9n_xso\lib\site-packages\sqlalchemy\util\_collections.py", line 1010, in __call__
    return self.registry[key]
KeyError: 4048

During handling of the above exception, another exception occurred:

Traceback (most recent call last):
  File "c:\users\wuqingcong\.virtualenvs\myweb-te9n_xso\lib\site-packages\flask\app.py", line 2292, in wsgi_app
    response = self.full_dispatch_request()
  File "c:\users\wuqingcong\.virtualenvs\myweb-te9n_xso\lib\site-packages\flask\app.py", line 1815, in full_dispatch_request
    rv = self.handle_user_exception(e)
  File "c:\users\wuqingcong\.virtualenvs\myweb-te9n_xso\lib\site-packages\flask\app.py", line 1718, in handle_user_exception
    reraise(exc_type, exc_value, tb)
  File "c:\users\wuqingcong\.virtualenvs\myweb-te9n_xso\lib\site-packages\flask\_compat.py", line 35, in reraise
    raise value
  File "c:\users\wuqingcong\.virtualenvs\myweb-te9n_xso\lib\site-packages\flask\app.py", line 1813, in full_dispatch_request
    rv = self.dispatch_request()
  File "c:\users\wuqingcong\.virtualenvs\myweb-te9n_xso\lib\site-packages\flask\app.py", line 1799, in dispatch_request
    return self.view_functions[rule.endpoint](**req.view_args)
  File "E:\myweb\app\main\views.py", line 53, in index
    pagination = Post.query.filter_by(is_draft=False).order_by(Post.timestamp.desc()).paginate(
  File "c:\users\wuqingcong\.virtualenvs\myweb-te9n_xso\lib\site-packages\flask_sqlalchemy\__init__.py", line 514, in __get__
    return type.query_class(mapper, session=self.sa.session())
  File "c:\users\wuqingcong\.virtualenvs\myweb-te9n_xso\lib\site-packages\sqlalchemy\orm\scoping.py", line 78, in __call__
    return self.registry()
  File "c:\users\wuqingcong\.virtualenvs\myweb-te9n_xso\lib\site-packages\sqlalchemy\util\_collections.py", line 1012, in __call__
    return self.registry.setdefault(key, self.createfunc())
  File "c:\users\wuqingcong\.virtualenvs\myweb-te9n_xso\lib\site-packages\sqlalchemy\orm\session.py", line 3206, in __call__
    return self.class_(**local_kw)
  File "c:\users\wuqingcong\.virtualenvs\myweb-te9n_xso\lib\site-packages\flask_sqlalchemy\__init__.py", line 143, in __init__
    bind = options.pop('bind', None) or db.engine
  File "c:\users\wuqingcong\.virtualenvs\myweb-te9n_xso\lib\site-packages\flask_sqlalchemy\__init__.py", line 877, in engine
    return self.get_engine()
  File "c:\users\wuqingcong\.virtualenvs\myweb-te9n_xso\lib\site-packages\flask_sqlalchemy\__init__.py", line 896, in get_engine
    return connector.get_engine()
  File "c:\users\wuqingcong\.virtualenvs\myweb-te9n_xso\lib\site-packages\flask_sqlalchemy\__init__.py", line 559, in get_engine
    self._engine = rv = sqlalchemy.create_engine(info, **options)
  File "c:\users\wuqingcong\.virtualenvs\myweb-te9n_xso\lib\site-packages\sqlalchemy\engine\__init__.py", line 435, in create_engine
    return strategy.create(*args, **kwargs)
  File "c:\users\wuqingcong\.virtualenvs\myweb-te9n_xso\lib\site-packages\sqlalchemy\engine\strategies.py", line 87, in create
    dbapi = dialect_cls.dbapi(**dbapi_args)
  File "c:\users\wuqingcong\.virtualenvs\myweb-te9n_xso\lib\site-packages\sqlalchemy\dialects\mysql\pymysql.py", line 62, in dbapi
    return __import__("pymysql")
ModuleNotFoundError: No module named 'pymysql'
2019-07-10 22:36:11,188 - app - ERROR - Exception on / [GET]
Traceback (most recent call last):
  File "c:\users\wuqingcong\.virtualenvs\myweb-te9n_xso\lib\site-packages\pymysql\connections.py", line 583, in connect
    **kwargs)
  File "C:\Users\wuqingcong\AppData\Local\Programs\Python\Python36\Lib\socket.py", line 724, in create_connection
    raise err
  File "C:\Users\wuqingcong\AppData\Local\Programs\Python\Python36\Lib\socket.py", line 713, in create_connection
    sock.connect(sa)
ConnectionRefusedError: [WinError 10061] 由于目标计算机积极拒绝，无法连接。

During handling of the above exception, another exception occurred:

Traceback (most recent call last):
  File "c:\users\wuqingcong\.virtualenvs\myweb-te9n_xso\lib\site-packages\sqlalchemy\engine\base.py", line 2262, in _wrap_pool_connect
    return fn()
  File "c:\users\wuqingcong\.virtualenvs\myweb-te9n_xso\lib\site-packages\sqlalchemy\pool\base.py", line 363, in connect
    return _ConnectionFairy._checkout(self)
  File "c:\users\wuqingcong\.virtualenvs\myweb-te9n_xso\lib\site-packages\sqlalchemy\pool\base.py", line 760, in _checkout
    fairy = _ConnectionRecord.checkout(pool)
  File "c:\users\wuqingcong\.virtualenvs\myweb-te9n_xso\lib\site-packages\sqlalchemy\pool\base.py", line 492, in checkout
    rec = pool._do_get()
  File "c:\users\wuqingcong\.virtualenvs\myweb-te9n_xso\lib\site-packages\sqlalchemy\pool\impl.py", line 139, in _do_get
    self._dec_overflow()
  File "c:\users\wuqingcong\.virtualenvs\myweb-te9n_xso\lib\site-packages\sqlalchemy\util\langhelpers.py", line 68, in __exit__
    compat.reraise(exc_type, exc_value, exc_tb)
  File "c:\users\wuqingcong\.virtualenvs\myweb-te9n_xso\lib\site-packages\sqlalchemy\util\compat.py", line 154, in reraise
    raise value
  File "c:\users\wuqingcong\.virtualenvs\myweb-te9n_xso\lib\site-packages\sqlalchemy\pool\impl.py", line 136, in _do_get
    return self._create_connection()
  File "c:\users\wuqingcong\.virtualenvs\myweb-te9n_xso\lib\site-packages\sqlalchemy\pool\base.py", line 308, in _create_connection
    return _ConnectionRecord(self)
  File "c:\users\wuqingcong\.virtualenvs\myweb-te9n_xso\lib\site-packages\sqlalchemy\pool\base.py", line 437, in __init__
    self.__connect(first_connect_check=True)
  File "c:\users\wuqingcong\.virtualenvs\myweb-te9n_xso\lib\site-packages\sqlalchemy\pool\base.py", line 639, in __connect
    connection = pool._invoke_creator(self)
  File "c:\users\wuqingcong\.virtualenvs\myweb-te9n_xso\lib\site-packages\sqlalchemy\engine\strategies.py", line 114, in connect
    return dialect.connect(*cargs, **cparams)
  File "c:\users\wuqingcong\.virtualenvs\myweb-te9n_xso\lib\site-packages\sqlalchemy\engine\default.py", line 451, in connect
    return self.dbapi.connect(*cargs, **cparams)
  File "c:\users\wuqingcong\.virtualenvs\myweb-te9n_xso\lib\site-packages\pymysql\__init__.py", line 94, in Connect
    return Connection(*args, **kwargs)
  File "c:\users\wuqingcong\.virtualenvs\myweb-te9n_xso\lib\site-packages\pymysql\connections.py", line 325, in __init__
    self.connect()
  File "c:\users\wuqingcong\.virtualenvs\myweb-te9n_xso\lib\site-packages\pymysql\connections.py", line 630, in connect
    raise exc
pymysql.err.OperationalError: (2003, "Can't connect to MySQL server on 'localhost' ([WinError 10061] 由于目标计算机积极拒绝，无法连接。)")

The above exception was the direct cause of the following exception:

Traceback (most recent call last):
  File "c:\users\wuqingcong\.virtualenvs\myweb-te9n_xso\lib\site-packages\flask\app.py", line 2446, in wsgi_app
    response = self.full_dispatch_request()
  File "c:\users\wuqingcong\.virtualenvs\myweb-te9n_xso\lib\site-packages\flask\app.py", line 1951, in full_dispatch_request
    rv = self.handle_user_exception(e)
  File "c:\users\wuqingcong\.virtualenvs\myweb-te9n_xso\lib\site-packages\flask\app.py", line 1820, in handle_user_exception
    reraise(exc_type, exc_value, tb)
  File "c:\users\wuqingcong\.virtualenvs\myweb-te9n_xso\lib\site-packages\flask\_compat.py", line 39, in reraise
    raise value
  File "c:\users\wuqingcong\.virtualenvs\myweb-te9n_xso\lib\site-packages\flask\app.py", line 1949, in full_dispatch_request
    rv = self.dispatch_request()
  File "c:\users\wuqingcong\.virtualenvs\myweb-te9n_xso\lib\site-packages\flask\app.py", line 1935, in dispatch_request
    return self.view_functions[rule.endpoint](**req.view_args)
  File "E:\myweb\app\main\views.py", line 54, in index
    page, int(current_app.config['FLASKY_POSTS_PER_PAGE']), error_out=False)
  File "c:\users\wuqingcong\.virtualenvs\myweb-te9n_xso\lib\site-packages\flask_sqlalchemy\__init__.py", line 496, in paginate
    items = self.limit(per_page).offset((page - 1) * per_page).all()
  File "c:\users\wuqingcong\.virtualenvs\myweb-te9n_xso\lib\site-packages\sqlalchemy\orm\query.py", line 3168, in all
    return list(self)
  File "c:\users\wuqingcong\.virtualenvs\myweb-te9n_xso\lib\site-packages\sqlalchemy\orm\query.py", line 3324, in __iter__
    return self._execute_and_instances(context)
  File "c:\users\wuqingcong\.virtualenvs\myweb-te9n_xso\lib\site-packages\sqlalchemy\orm\query.py", line 3346, in _execute_and_instances
    querycontext, self._connection_from_session, close_with_result=True
  File "c:\users\wuqingcong\.virtualenvs\myweb-te9n_xso\lib\site-packages\sqlalchemy\orm\query.py", line 3361, in _get_bind_args
    mapper=self._bind_mapper(), clause=querycontext.statement, **kw
  File "c:\users\wuqingcong\.virtualenvs\myweb-te9n_xso\lib\site-packages\sqlalchemy\orm\query.py", line 3339, in _connection_from_session
    conn = self.session.connection(**kw)
  File "c:\users\wuqingcong\.virtualenvs\myweb-te9n_xso\lib\site-packages\sqlalchemy\orm\session.py", line 1124, in connection
    execution_options=execution_options,
  File "c:\users\wuqingcong\.virtualenvs\myweb-te9n_xso\lib\site-packages\sqlalchemy\orm\session.py", line 1130, in _connection_for_bind
    engine, execution_options
  File "c:\users\wuqingcong\.virtualenvs\myweb-te9n_xso\lib\site-packages\sqlalchemy\orm\session.py", line 431, in _connection_for_bind
    conn = bind._contextual_connect()
  File "c:\users\wuqingcong\.virtualenvs\myweb-te9n_xso\lib\site-packages\sqlalchemy\engine\base.py", line 2226, in _contextual_connect
    self._wrap_pool_connect(self.pool.connect, None),
  File "c:\users\wuqingcong\.virtualenvs\myweb-te9n_xso\lib\site-packages\sqlalchemy\engine\base.py", line 2266, in _wrap_pool_connect
    e, dialect, self
  File "c:\users\wuqingcong\.virtualenvs\myweb-te9n_xso\lib\site-packages\sqlalchemy\engine\base.py", line 1536, in _handle_dbapi_exception_noconnection
    util.raise_from_cause(sqlalchemy_exception, exc_info)
  File "c:\users\wuqingcong\.virtualenvs\myweb-te9n_xso\lib\site-packages\sqlalchemy\util\compat.py", line 399, in raise_from_cause
    reraise(type(exception), exception, tb=exc_tb, cause=cause)
  File "c:\users\wuqingcong\.virtualenvs\myweb-te9n_xso\lib\site-packages\sqlalchemy\util\compat.py", line 153, in reraise
    raise value.with_traceback(tb)
  File "c:\users\wuqingcong\.virtualenvs\myweb-te9n_xso\lib\site-packages\sqlalchemy\engine\base.py", line 2262, in _wrap_pool_connect
    return fn()
  File "c:\users\wuqingcong\.virtualenvs\myweb-te9n_xso\lib\site-packages\sqlalchemy\pool\base.py", line 363, in connect
    return _ConnectionFairy._checkout(self)
  File "c:\users\wuqingcong\.virtualenvs\myweb-te9n_xso\lib\site-packages\sqlalchemy\pool\base.py", line 760, in _checkout
    fairy = _ConnectionRecord.checkout(pool)
  File "c:\users\wuqingcong\.virtualenvs\myweb-te9n_xso\lib\site-packages\sqlalchemy\pool\base.py", line 492, in checkout
    rec = pool._do_get()
  File "c:\users\wuqingcong\.virtualenvs\myweb-te9n_xso\lib\site-packages\sqlalchemy\pool\impl.py", line 139, in _do_get
    self._dec_overflow()
  File "c:\users\wuqingcong\.virtualenvs\myweb-te9n_xso\lib\site-packages\sqlalchemy\util\langhelpers.py", line 68, in __exit__
    compat.reraise(exc_type, exc_value, exc_tb)
  File "c:\users\wuqingcong\.virtualenvs\myweb-te9n_xso\lib\site-packages\sqlalchemy\util\compat.py", line 154, in reraise
    raise value
  File "c:\users\wuqingcong\.virtualenvs\myweb-te9n_xso\lib\site-packages\sqlalchemy\pool\impl.py", line 136, in _do_get
    return self._create_connection()
  File "c:\users\wuqingcong\.virtualenvs\myweb-te9n_xso\lib\site-packages\sqlalchemy\pool\base.py", line 308, in _create_connection
    return _ConnectionRecord(self)
  File "c:\users\wuqingcong\.virtualenvs\myweb-te9n_xso\lib\site-packages\sqlalchemy\pool\base.py", line 437, in __init__
    self.__connect(first_connect_check=True)
  File "c:\users\wuqingcong\.virtualenvs\myweb-te9n_xso\lib\site-packages\sqlalchemy\pool\base.py", line 639, in __connect
    connection = pool._invoke_creator(self)
  File "c:\users\wuqingcong\.virtualenvs\myweb-te9n_xso\lib\site-packages\sqlalchemy\engine\strategies.py", line 114, in connect
    return dialect.connect(*cargs, **cparams)
  File "c:\users\wuqingcong\.virtualenvs\myweb-te9n_xso\lib\site-packages\sqlalchemy\engine\default.py", line 451, in connect
    return self.dbapi.connect(*cargs, **cparams)
  File "c:\users\wuqingcong\.virtualenvs\myweb-te9n_xso\lib\site-packages\pymysql\__init__.py", line 94, in Connect
    return Connection(*args, **kwargs)
  File "c:\users\wuqingcong\.virtualenvs\myweb-te9n_xso\lib\site-packages\pymysql\connections.py", line 325, in __init__
    self.connect()
  File "c:\users\wuqingcong\.virtualenvs\myweb-te9n_xso\lib\site-packages\pymysql\connections.py", line 630, in connect
    raise exc
sqlalchemy.exc.OperationalError: (pymysql.err.OperationalError) (2003, "Can't connect to MySQL server on 'localhost' ([WinError 10061] 由于目标计算机积极拒绝，无法连接。)")
(Background on this error at: http://sqlalche.me/e/e3q8)
2019-07-10 22:39:36,071 - app - ERROR - Exception on / [GET]
Traceback (most recent call last):
  File "c:\users\wuqingcong\.virtualenvs\myweb-te9n_xso\lib\site-packages\pymysql\connections.py", line 583, in connect
    **kwargs)
  File "C:\Users\wuqingcong\AppData\Local\Programs\Python\Python36\Lib\socket.py", line 724, in create_connection
    raise err
  File "C:\Users\wuqingcong\AppData\Local\Programs\Python\Python36\Lib\socket.py", line 713, in create_connection
    sock.connect(sa)
ConnectionRefusedError: [WinError 10061] 由于目标计算机积极拒绝，无法连接。

During handling of the above exception, another exception occurred:

Traceback (most recent call last):
  File "c:\users\wuqingcong\.virtualenvs\myweb-te9n_xso\lib\site-packages\sqlalchemy\engine\base.py", line 2262, in _wrap_pool_connect
    return fn()
  File "c:\users\wuqingcong\.virtualenvs\myweb-te9n_xso\lib\site-packages\sqlalchemy\pool\base.py", line 363, in connect
    return _ConnectionFairy._checkout(self)
  File "c:\users\wuqingcong\.virtualenvs\myweb-te9n_xso\lib\site-packages\sqlalchemy\pool\base.py", line 760, in _checkout
    fairy = _ConnectionRecord.checkout(pool)
  File "c:\users\wuqingcong\.virtualenvs\myweb-te9n_xso\lib\site-packages\sqlalchemy\pool\base.py", line 492, in checkout
    rec = pool._do_get()
  File "c:\users\wuqingcong\.virtualenvs\myweb-te9n_xso\lib\site-packages\sqlalchemy\pool\impl.py", line 139, in _do_get
    self._dec_overflow()
  File "c:\users\wuqingcong\.virtualenvs\myweb-te9n_xso\lib\site-packages\sqlalchemy\util\langhelpers.py", line 68, in __exit__
    compat.reraise(exc_type, exc_value, exc_tb)
  File "c:\users\wuqingcong\.virtualenvs\myweb-te9n_xso\lib\site-packages\sqlalchemy\util\compat.py", line 154, in reraise
    raise value
  File "c:\users\wuqingcong\.virtualenvs\myweb-te9n_xso\lib\site-packages\sqlalchemy\pool\impl.py", line 136, in _do_get
    return self._create_connection()
  File "c:\users\wuqingcong\.virtualenvs\myweb-te9n_xso\lib\site-packages\sqlalchemy\pool\base.py", line 308, in _create_connection
    return _ConnectionRecord(self)
  File "c:\users\wuqingcong\.virtualenvs\myweb-te9n_xso\lib\site-packages\sqlalchemy\pool\base.py", line 437, in __init__
    self.__connect(first_connect_check=True)
  File "c:\users\wuqingcong\.virtualenvs\myweb-te9n_xso\lib\site-packages\sqlalchemy\pool\base.py", line 639, in __connect
    connection = pool._invoke_creator(self)
  File "c:\users\wuqingcong\.virtualenvs\myweb-te9n_xso\lib\site-packages\sqlalchemy\engine\strategies.py", line 114, in connect
    return dialect.connect(*cargs, **cparams)
  File "c:\users\wuqingcong\.virtualenvs\myweb-te9n_xso\lib\site-packages\sqlalchemy\engine\default.py", line 451, in connect
    return self.dbapi.connect(*cargs, **cparams)
  File "c:\users\wuqingcong\.virtualenvs\myweb-te9n_xso\lib\site-packages\pymysql\__init__.py", line 94, in Connect
    return Connection(*args, **kwargs)
  File "c:\users\wuqingcong\.virtualenvs\myweb-te9n_xso\lib\site-packages\pymysql\connections.py", line 325, in __init__
    self.connect()
  File "c:\users\wuqingcong\.virtualenvs\myweb-te9n_xso\lib\site-packages\pymysql\connections.py", line 630, in connect
    raise exc
pymysql.err.OperationalError: (2003, "Can't connect to MySQL server on 'localhost' ([WinError 10061] 由于目标计算机积极拒绝，无法连接。)")

The above exception was the direct cause of the following exception:

Traceback (most recent call last):
  File "c:\users\wuqingcong\.virtualenvs\myweb-te9n_xso\lib\site-packages\flask\app.py", line 2446, in wsgi_app
    response = self.full_dispatch_request()
  File "c:\users\wuqingcong\.virtualenvs\myweb-te9n_xso\lib\site-packages\flask\app.py", line 1951, in full_dispatch_request
    rv = self.handle_user_exception(e)
  File "c:\users\wuqingcong\.virtualenvs\myweb-te9n_xso\lib\site-packages\flask\app.py", line 1820, in handle_user_exception
    reraise(exc_type, exc_value, tb)
  File "c:\users\wuqingcong\.virtualenvs\myweb-te9n_xso\lib\site-packages\flask\_compat.py", line 39, in reraise
    raise value
  File "c:\users\wuqingcong\.virtualenvs\myweb-te9n_xso\lib\site-packages\flask\app.py", line 1949, in full_dispatch_request
    rv = self.dispatch_request()
  File "c:\users\wuqingcong\.virtualenvs\myweb-te9n_xso\lib\site-packages\flask\app.py", line 1935, in dispatch_request
    return self.view_functions[rule.endpoint](**req.view_args)
  File "E:\myweb\app\main\views.py", line 54, in index
    page, int(current_app.config['FLASKY_POSTS_PER_PAGE']), error_out=False)
  File "c:\users\wuqingcong\.virtualenvs\myweb-te9n_xso\lib\site-packages\flask_sqlalchemy\__init__.py", line 496, in paginate
    items = self.limit(per_page).offset((page - 1) * per_page).all()
  File "c:\users\wuqingcong\.virtualenvs\myweb-te9n_xso\lib\site-packages\sqlalchemy\orm\query.py", line 3168, in all
    return list(self)
  File "c:\users\wuqingcong\.virtualenvs\myweb-te9n_xso\lib\site-packages\sqlalchemy\orm\query.py", line 3324, in __iter__
    return self._execute_and_instances(context)
  File "c:\users\wuqingcong\.virtualenvs\myweb-te9n_xso\lib\site-packages\sqlalchemy\orm\query.py", line 3346, in _execute_and_instances
    querycontext, self._connection_from_session, close_with_result=True
  File "c:\users\wuqingcong\.virtualenvs\myweb-te9n_xso\lib\site-packages\sqlalchemy\orm\query.py", line 3361, in _get_bind_args
    mapper=self._bind_mapper(), clause=querycontext.statement, **kw
  File "c:\users\wuqingcong\.virtualenvs\myweb-te9n_xso\lib\site-packages\sqlalchemy\orm\query.py", line 3339, in _connection_from_session
    conn = self.session.connection(**kw)
  File "c:\users\wuqingcong\.virtualenvs\myweb-te9n_xso\lib\site-packages\sqlalchemy\orm\session.py", line 1124, in connection
    execution_options=execution_options,
  File "c:\users\wuqingcong\.virtualenvs\myweb-te9n_xso\lib\site-packages\sqlalchemy\orm\session.py", line 1130, in _connection_for_bind
    engine, execution_options
  File "c:\users\wuqingcong\.virtualenvs\myweb-te9n_xso\lib\site-packages\sqlalchemy\orm\session.py", line 431, in _connection_for_bind
    conn = bind._contextual_connect()
  File "c:\users\wuqingcong\.virtualenvs\myweb-te9n_xso\lib\site-packages\sqlalchemy\engine\base.py", line 2226, in _contextual_connect
    self._wrap_pool_connect(self.pool.connect, None),
  File "c:\users\wuqingcong\.virtualenvs\myweb-te9n_xso\lib\site-packages\sqlalchemy\engine\base.py", line 2266, in _wrap_pool_connect
    e, dialect, self
  File "c:\users\wuqingcong\.virtualenvs\myweb-te9n_xso\lib\site-packages\sqlalchemy\engine\base.py", line 1536, in _handle_dbapi_exception_noconnection
    util.raise_from_cause(sqlalchemy_exception, exc_info)
  File "c:\users\wuqingcong\.virtualenvs\myweb-te9n_xso\lib\site-packages\sqlalchemy\util\compat.py", line 399, in raise_from_cause
    reraise(type(exception), exception, tb=exc_tb, cause=cause)
  File "c:\users\wuqingcong\.virtualenvs\myweb-te9n_xso\lib\site-packages\sqlalchemy\util\compat.py", line 153, in reraise
    raise value.with_traceback(tb)
  File "c:\users\wuqingcong\.virtualenvs\myweb-te9n_xso\lib\site-packages\sqlalchemy\engine\base.py", line 2262, in _wrap_pool_connect
    return fn()
  File "c:\users\wuqingcong\.virtualenvs\myweb-te9n_xso\lib\site-packages\sqlalchemy\pool\base.py", line 363, in connect
    return _ConnectionFairy._checkout(self)
  File "c:\users\wuqingcong\.virtualenvs\myweb-te9n_xso\lib\site-packages\sqlalchemy\pool\base.py", line 760, in _checkout
    fairy = _ConnectionRecord.checkout(pool)
  File "c:\users\wuqingcong\.virtualenvs\myweb-te9n_xso\lib\site-packages\sqlalchemy\pool\base.py", line 492, in checkout
    rec = pool._do_get()
  File "c:\users\wuqingcong\.virtualenvs\myweb-te9n_xso\lib\site-packages\sqlalchemy\pool\impl.py", line 139, in _do_get
    self._dec_overflow()
  File "c:\users\wuqingcong\.virtualenvs\myweb-te9n_xso\lib\site-packages\sqlalchemy\util\langhelpers.py", line 68, in __exit__
    compat.reraise(exc_type, exc_value, exc_tb)
  File "c:\users\wuqingcong\.virtualenvs\myweb-te9n_xso\lib\site-packages\sqlalchemy\util\compat.py", line 154, in reraise
    raise value
  File "c:\users\wuqingcong\.virtualenvs\myweb-te9n_xso\lib\site-packages\sqlalchemy\pool\impl.py", line 136, in _do_get
    return self._create_connection()
  File "c:\users\wuqingcong\.virtualenvs\myweb-te9n_xso\lib\site-packages\sqlalchemy\pool\base.py", line 308, in _create_connection
    return _ConnectionRecord(self)
  File "c:\users\wuqingcong\.virtualenvs\myweb-te9n_xso\lib\site-packages\sqlalchemy\pool\base.py", line 437, in __init__
    self.__connect(first_connect_check=True)
  File "c:\users\wuqingcong\.virtualenvs\myweb-te9n_xso\lib\site-packages\sqlalchemy\pool\base.py", line 639, in __connect
    connection = pool._invoke_creator(self)
  File "c:\users\wuqingcong\.virtualenvs\myweb-te9n_xso\lib\site-packages\sqlalchemy\engine\strategies.py", line 114, in connect
    return dialect.connect(*cargs, **cparams)
  File "c:\users\wuqingcong\.virtualenvs\myweb-te9n_xso\lib\site-packages\sqlalchemy\engine\default.py", line 451, in connect
    return self.dbapi.connect(*cargs, **cparams)
  File "c:\users\wuqingcong\.virtualenvs\myweb-te9n_xso\lib\site-packages\pymysql\__init__.py", line 94, in Connect
    return Connection(*args, **kwargs)
  File "c:\users\wuqingcong\.virtualenvs\myweb-te9n_xso\lib\site-packages\pymysql\connections.py", line 325, in __init__
    self.connect()
  File "c:\users\wuqingcong\.virtualenvs\myweb-te9n_xso\lib\site-packages\pymysql\connections.py", line 630, in connect
    raise exc
sqlalchemy.exc.OperationalError: (pymysql.err.OperationalError) (2003, "Can't connect to MySQL server on 'localhost' ([WinError 10061] 由于目标计算机积极拒绝，无法连接。)")
(Background on this error at: http://sqlalche.me/e/e3q8)
2019-07-10 22:41:30,662 - app - ERROR - Exception on / [GET]
Traceback (most recent call last):
  File "c:\users\wuqingcong\.virtualenvs\myweb-te9n_xso\lib\site-packages\pymysql\connections.py", line 583, in connect
    **kwargs)
  File "C:\Users\wuqingcong\AppData\Local\Programs\Python\Python36\Lib\socket.py", line 724, in create_connection
    raise err
  File "C:\Users\wuqingcong\AppData\Local\Programs\Python\Python36\Lib\socket.py", line 713, in create_connection
    sock.connect(sa)
ConnectionRefusedError: [WinError 10061] 由于目标计算机积极拒绝，无法连接。

During handling of the above exception, another exception occurred:

Traceback (most recent call last):
  File "c:\users\wuqingcong\.virtualenvs\myweb-te9n_xso\lib\site-packages\sqlalchemy\engine\base.py", line 2262, in _wrap_pool_connect
    return fn()
  File "c:\users\wuqingcong\.virtualenvs\myweb-te9n_xso\lib\site-packages\sqlalchemy\pool\base.py", line 363, in connect
    return _ConnectionFairy._checkout(self)
  File "c:\users\wuqingcong\.virtualenvs\myweb-te9n_xso\lib\site-packages\sqlalchemy\pool\base.py", line 760, in _checkout
    fairy = _ConnectionRecord.checkout(pool)
  File "c:\users\wuqingcong\.virtualenvs\myweb-te9n_xso\lib\site-packages\sqlalchemy\pool\base.py", line 492, in checkout
    rec = pool._do_get()
  File "c:\users\wuqingcong\.virtualenvs\myweb-te9n_xso\lib\site-packages\sqlalchemy\pool\impl.py", line 139, in _do_get
    self._dec_overflow()
  File "c:\users\wuqingcong\.virtualenvs\myweb-te9n_xso\lib\site-packages\sqlalchemy\util\langhelpers.py", line 68, in __exit__
    compat.reraise(exc_type, exc_value, exc_tb)
  File "c:\users\wuqingcong\.virtualenvs\myweb-te9n_xso\lib\site-packages\sqlalchemy\util\compat.py", line 154, in reraise
    raise value
  File "c:\users\wuqingcong\.virtualenvs\myweb-te9n_xso\lib\site-packages\sqlalchemy\pool\impl.py", line 136, in _do_get
    return self._create_connection()
  File "c:\users\wuqingcong\.virtualenvs\myweb-te9n_xso\lib\site-packages\sqlalchemy\pool\base.py", line 308, in _create_connection
    return _ConnectionRecord(self)
  File "c:\users\wuqingcong\.virtualenvs\myweb-te9n_xso\lib\site-packages\sqlalchemy\pool\base.py", line 437, in __init__
    self.__connect(first_connect_check=True)
  File "c:\users\wuqingcong\.virtualenvs\myweb-te9n_xso\lib\site-packages\sqlalchemy\pool\base.py", line 639, in __connect
    connection = pool._invoke_creator(self)
  File "c:\users\wuqingcong\.virtualenvs\myweb-te9n_xso\lib\site-packages\sqlalchemy\engine\strategies.py", line 114, in connect
    return dialect.connect(*cargs, **cparams)
  File "c:\users\wuqingcong\.virtualenvs\myweb-te9n_xso\lib\site-packages\sqlalchemy\engine\default.py", line 451, in connect
    return self.dbapi.connect(*cargs, **cparams)
  File "c:\users\wuqingcong\.virtualenvs\myweb-te9n_xso\lib\site-packages\pymysql\__init__.py", line 94, in Connect
    return Connection(*args, **kwargs)
  File "c:\users\wuqingcong\.virtualenvs\myweb-te9n_xso\lib\site-packages\pymysql\connections.py", line 325, in __init__
    self.connect()
  File "c:\users\wuqingcong\.virtualenvs\myweb-te9n_xso\lib\site-packages\pymysql\connections.py", line 630, in connect
    raise exc
pymysql.err.OperationalError: (2003, "Can't connect to MySQL server on 'localhost' ([WinError 10061] 由于目标计算机积极拒绝，无法连接。)")

The above exception was the direct cause of the following exception:

Traceback (most recent call last):
  File "c:\users\wuqingcong\.virtualenvs\myweb-te9n_xso\lib\site-packages\flask\app.py", line 2446, in wsgi_app
    response = self.full_dispatch_request()
  File "c:\users\wuqingcong\.virtualenvs\myweb-te9n_xso\lib\site-packages\flask\app.py", line 1951, in full_dispatch_request
    rv = self.handle_user_exception(e)
  File "c:\users\wuqingcong\.virtualenvs\myweb-te9n_xso\lib\site-packages\flask\app.py", line 1820, in handle_user_exception
    reraise(exc_type, exc_value, tb)
  File "c:\users\wuqingcong\.virtualenvs\myweb-te9n_xso\lib\site-packages\flask\_compat.py", line 39, in reraise
    raise value
  File "c:\users\wuqingcong\.virtualenvs\myweb-te9n_xso\lib\site-packages\flask\app.py", line 1949, in full_dispatch_request
    rv = self.dispatch_request()
  File "c:\users\wuqingcong\.virtualenvs\myweb-te9n_xso\lib\site-packages\flask\app.py", line 1935, in dispatch_request
    return self.view_functions[rule.endpoint](**req.view_args)
  File "E:\myweb\app\main\views.py", line 54, in index
    page, int(current_app.config['FLASKY_POSTS_PER_PAGE']), error_out=False)
  File "c:\users\wuqingcong\.virtualenvs\myweb-te9n_xso\lib\site-packages\flask_sqlalchemy\__init__.py", line 496, in paginate
    items = self.limit(per_page).offset((page - 1) * per_page).all()
  File "c:\users\wuqingcong\.virtualenvs\myweb-te9n_xso\lib\site-packages\sqlalchemy\orm\query.py", line 3168, in all
    return list(self)
  File "c:\users\wuqingcong\.virtualenvs\myweb-te9n_xso\lib\site-packages\sqlalchemy\orm\query.py", line 3324, in __iter__
    return self._execute_and_instances(context)
  File "c:\users\wuqingcong\.virtualenvs\myweb-te9n_xso\lib\site-packages\sqlalchemy\orm\query.py", line 3346, in _execute_and_instances
    querycontext, self._connection_from_session, close_with_result=True
  File "c:\users\wuqingcong\.virtualenvs\myweb-te9n_xso\lib\site-packages\sqlalchemy\orm\query.py", line 3361, in _get_bind_args
    mapper=self._bind_mapper(), clause=querycontext.statement, **kw
  File "c:\users\wuqingcong\.virtualenvs\myweb-te9n_xso\lib\site-packages\sqlalchemy\orm\query.py", line 3339, in _connection_from_session
    conn = self.session.connection(**kw)
  File "c:\users\wuqingcong\.virtualenvs\myweb-te9n_xso\lib\site-packages\sqlalchemy\orm\session.py", line 1124, in connection
    execution_options=execution_options,
  File "c:\users\wuqingcong\.virtualenvs\myweb-te9n_xso\lib\site-packages\sqlalchemy\orm\session.py", line 1130, in _connection_for_bind
    engine, execution_options
  File "c:\users\wuqingcong\.virtualenvs\myweb-te9n_xso\lib\site-packages\sqlalchemy\orm\session.py", line 431, in _connection_for_bind
    conn = bind._contextual_connect()
  File "c:\users\wuqingcong\.virtualenvs\myweb-te9n_xso\lib\site-packages\sqlalchemy\engine\base.py", line 2226, in _contextual_connect
    self._wrap_pool_connect(self.pool.connect, None),
  File "c:\users\wuqingcong\.virtualenvs\myweb-te9n_xso\lib\site-packages\sqlalchemy\engine\base.py", line 2266, in _wrap_pool_connect
    e, dialect, self
  File "c:\users\wuqingcong\.virtualenvs\myweb-te9n_xso\lib\site-packages\sqlalchemy\engine\base.py", line 1536, in _handle_dbapi_exception_noconnection
    util.raise_from_cause(sqlalchemy_exception, exc_info)
  File "c:\users\wuqingcong\.virtualenvs\myweb-te9n_xso\lib\site-packages\sqlalchemy\util\compat.py", line 399, in raise_from_cause
    reraise(type(exception), exception, tb=exc_tb, cause=cause)
  File "c:\users\wuqingcong\.virtualenvs\myweb-te9n_xso\lib\site-packages\sqlalchemy\util\compat.py", line 153, in reraise
    raise value.with_traceback(tb)
  File "c:\users\wuqingcong\.virtualenvs\myweb-te9n_xso\lib\site-packages\sqlalchemy\engine\base.py", line 2262, in _wrap_pool_connect
    return fn()
  File "c:\users\wuqingcong\.virtualenvs\myweb-te9n_xso\lib\site-packages\sqlalchemy\pool\base.py", line 363, in connect
    return _ConnectionFairy._checkout(self)
  File "c:\users\wuqingcong\.virtualenvs\myweb-te9n_xso\lib\site-packages\sqlalchemy\pool\base.py", line 760, in _checkout
    fairy = _ConnectionRecord.checkout(pool)
  File "c:\users\wuqingcong\.virtualenvs\myweb-te9n_xso\lib\site-packages\sqlalchemy\pool\base.py", line 492, in checkout
    rec = pool._do_get()
  File "c:\users\wuqingcong\.virtualenvs\myweb-te9n_xso\lib\site-packages\sqlalchemy\pool\impl.py", line 139, in _do_get
    self._dec_overflow()
  File "c:\users\wuqingcong\.virtualenvs\myweb-te9n_xso\lib\site-packages\sqlalchemy\util\langhelpers.py", line 68, in __exit__
    compat.reraise(exc_type, exc_value, exc_tb)
  File "c:\users\wuqingcong\.virtualenvs\myweb-te9n_xso\lib\site-packages\sqlalchemy\util\compat.py", line 154, in reraise
    raise value
  File "c:\users\wuqingcong\.virtualenvs\myweb-te9n_xso\lib\site-packages\sqlalchemy\pool\impl.py", line 136, in _do_get
    return self._create_connection()
  File "c:\users\wuqingcong\.virtualenvs\myweb-te9n_xso\lib\site-packages\sqlalchemy\pool\base.py", line 308, in _create_connection
    return _ConnectionRecord(self)
  File "c:\users\wuqingcong\.virtualenvs\myweb-te9n_xso\lib\site-packages\sqlalchemy\pool\base.py", line 437, in __init__
    self.__connect(first_connect_check=True)
  File "c:\users\wuqingcong\.virtualenvs\myweb-te9n_xso\lib\site-packages\sqlalchemy\pool\base.py", line 639, in __connect
    connection = pool._invoke_creator(self)
  File "c:\users\wuqingcong\.virtualenvs\myweb-te9n_xso\lib\site-packages\sqlalchemy\engine\strategies.py", line 114, in connect
    return dialect.connect(*cargs, **cparams)
  File "c:\users\wuqingcong\.virtualenvs\myweb-te9n_xso\lib\site-packages\sqlalchemy\engine\default.py", line 451, in connect
    return self.dbapi.connect(*cargs, **cparams)
  File "c:\users\wuqingcong\.virtualenvs\myweb-te9n_xso\lib\site-packages\pymysql\__init__.py", line 94, in Connect
    return Connection(*args, **kwargs)
  File "c:\users\wuqingcong\.virtualenvs\myweb-te9n_xso\lib\site-packages\pymysql\connections.py", line 325, in __init__
    self.connect()
  File "c:\users\wuqingcong\.virtualenvs\myweb-te9n_xso\lib\site-packages\pymysql\connections.py", line 630, in connect
    raise exc
sqlalchemy.exc.OperationalError: (pymysql.err.OperationalError) (2003, "Can't connect to MySQL server on 'localhost' ([WinError 10061] 由于目标计算机积极拒绝，无法连接。)")
(Background on this error at: http://sqlalche.me/e/e3q8)
